build/app/intermediates/manifest_merge_blame_file/release/manifest-merger-blame-release-report.txt
1<?xml version="1.0" encoding="utf-8"?>
2<manifest xmlns:android="http://schemas.android.com/apk/res/android"
3    package="com.example.plate_waste_recorder"
4    android:versionCode="1"
5    android:versionName="1.0.0" >
6
7    <uses-sdk
8        android:minSdkVersion="16"
8-->src\main\AndroidManifest.xml
9        android:targetSdkVersion="30" />
9-->src\main\AndroidManifest.xml
10    <!-- Although the *SdkVersion is captured in gradle build files, this is required for non gradle builds -->
11    <!-- <uses-sdk android:minSdkVersion="14"/> -->
12    <uses-permission android:name="android.permission.ACCESS_NETWORK_STATE" />
12-->[com.google.firebase:firebase-database:20.0.2] AndroidManifest.xml:25:5-79
12-->[com.google.firebase:firebase-database:20.0.2] AndroidManifest.xml:25:22-76
13    <uses-permission android:name="android.permission.INTERNET" />
13-->[com.google.firebase:firebase-database:20.0.2] AndroidManifest.xml:26:5-67
13-->[com.google.firebase:firebase-database:20.0.2] AndroidManifest.xml:26:22-64
14
15    <application
15-->src\main\AndroidManifest.xml:3:4-31:19
16        android:appComponentFactory="androidx.core.app.CoreComponentFactory"
16-->[androidx.core:core:1.1.0] AndroidManifest.xml:24:18-86
17        android:icon="@mipmap/ic_launcher"
17-->src\main\AndroidManifest.xml:5:9-43
18        android:label="plate_waste_recorder" >
18-->src\main\AndroidManifest.xml:4:9-45
19        <activity
19-->src\main\AndroidManifest.xml:6:9-25:20
20            android:name="com.example.plate_waste_recorder.MainActivity"
20-->src\main\AndroidManifest.xml:7:13-41
21            android:configChanges="orientation|keyboardHidden|keyboard|screenSize|smallestScreenSize|locale|layoutDirection|fontScale|screenLayout|density|uiMode"
21-->src\main\AndroidManifest.xml:10:13-163
22            android:hardwareAccelerated="true"
22-->src\main\AndroidManifest.xml:11:13-47
23            android:launchMode="singleTop"
23-->src\main\AndroidManifest.xml:8:13-43
24            android:theme="@style/LaunchTheme"
24-->src\main\AndroidManifest.xml:9:13-47
25            android:windowSoftInputMode="adjustResize" >
25-->src\main\AndroidManifest.xml:12:13-55
26
27            <!--
28                 Specifies an Android theme to apply to this Activity as soon as
29                 the Android process has started. This theme is visible to the user
30                 while the Flutter UI initializes. After that, this theme continues
31                 to determine the Window background behind the Flutter UI.
32            -->
33            <meta-data
33-->src\main\AndroidManifest.xml:17:13-20:17
34                android:name="io.flutter.embedding.android.NormalTheme"
34-->src\main\AndroidManifest.xml:18:15-70
35                android:resource="@style/NormalTheme" />
35-->src\main\AndroidManifest.xml:19:15-52
36
37            <intent-filter>
37-->src\main\AndroidManifest.xml:21:13-24:29
38                <action android:name="android.intent.action.MAIN" />
38-->src\main\AndroidManifest.xml:22:17-68
38-->src\main\AndroidManifest.xml:22:25-66
39
40                <category android:name="android.intent.category.LAUNCHER" />
40-->src\main\AndroidManifest.xml:23:17-76
40-->src\main\AndroidManifest.xml:23:27-74
41            </intent-filter>
42        </activity>
43        <!--
44             Don't delete the meta-data below.
45             This is used by the Flutter tool to generate GeneratedPluginRegistrant.java
46        -->
47        <meta-data
47-->src\main\AndroidManifest.xml:28:9-30:33
48            android:name="flutterEmbedding"
48-->src\main\AndroidManifest.xml:29:13-44
49            android:value="2" />
49-->src\main\AndroidManifest.xml:30:13-30
50
51        <service
51-->[:firebase_database] AndroidManifest.xml:8:9-12:19
52            android:name="com.google.firebase.components.ComponentDiscoveryService"
52-->[:firebase_database] AndroidManifest.xml:8:18-89
53            android:directBootAware="true"
53-->[com.google.firebase:firebase-common:20.0.0] AndroidManifest.xml:35:13-43
54            android:exported="false" >
54-->[com.google.firebase:firebase-database:20.0.2] AndroidManifest.xml:31:13-37
55            <meta-data
55-->[:firebase_database] AndroidManifest.xml:9:13-11:85
56                android:name="com.google.firebase.components:io.flutter.plugins.firebase.database.FlutterFirebaseAppRegistrar"
56-->[:firebase_database] AndroidManifest.xml:10:17-127
57                android:value="com.google.firebase.components.ComponentRegistrar" />
57-->[:firebase_database] AndroidManifest.xml:11:17-82
58            <meta-data
58-->[:firebase_core] AndroidManifest.xml:9:13-11:85
59                android:name="com.google.firebase.components:io.flutter.plugins.firebase.core.FlutterFirebaseCoreRegistrar"
59-->[:firebase_core] AndroidManifest.xml:10:17-124
60                android:value="com.google.firebase.components.ComponentRegistrar" />
60-->[:firebase_core] AndroidManifest.xml:11:17-82
61            <meta-data
61-->[com.google.firebase:firebase-database:20.0.2] AndroidManifest.xml:32:13-34:85
62                android:name="com.google.firebase.components:com.google.firebase.database.DatabaseRegistrar"
62-->[com.google.firebase:firebase-database:20.0.2] AndroidManifest.xml:33:17-109
63                android:value="com.google.firebase.components.ComponentRegistrar" />
63-->[com.google.firebase:firebase-database:20.0.2] AndroidManifest.xml:34:17-82
64        </service>
65
66        <provider
66-->[com.google.firebase:firebase-common:20.0.0] AndroidManifest.xml:26:9-31:39
67            android:name="com.google.firebase.provider.FirebaseInitProvider"
67-->[com.google.firebase:firebase-common:20.0.0] AndroidManifest.xml:27:13-77
68            android:authorities="com.example.plate_waste_recorder.firebaseinitprovider"
68-->[com.google.firebase:firebase-common:20.0.0] AndroidManifest.xml:28:13-72
69            android:directBootAware="true"
69-->[com.google.firebase:firebase-common:20.0.0] AndroidManifest.xml:29:13-43
70            android:exported="false"
70-->[com.google.firebase:firebase-common:20.0.0] AndroidManifest.xml:30:13-37
71            android:initOrder="100" />
71-->[com.google.firebase:firebase-common:20.0.0] AndroidManifest.xml:31:13-36
72
73        <activity
73-->[com.google.android.gms:play-services-base:17.1.0] AndroidManifest.xml:23:9-26:75
74            android:name="com.google.android.gms.common.api.GoogleApiActivity"
74-->[com.google.android.gms:play-services-base:17.1.0] AndroidManifest.xml:24:13-79
75            android:exported="false"
75-->[com.google.android.gms:play-services-base:17.1.0] AndroidManifest.xml:25:13-37
76            android:theme="@android:style/Theme.Translucent.NoTitleBar" />
76-->[com.google.android.gms:play-services-base:17.1.0] AndroidManifest.xml:26:13-72
77
78        <meta-data
78-->[com.google.android.gms:play-services-basement:17.0.0] AndroidManifest.xml:23:9-25:69
79            android:name="com.google.android.gms.version"
79-->[com.google.android.gms:play-services-basement:17.0.0] AndroidManifest.xml:24:13-58
80            android:value="@integer/google_play_services_version" />
80-->[com.google.android.gms:play-services-basement:17.0.0] AndroidManifest.xml:25:13-66
81    </application>
82
83</manifest>